2020-10-13 16:36:08.073  INFO 8688 --- [main] c.l.l.api.resource.BookControllerTest    : Starting BookControllerTest on LAPTOP-9FP3VAQ9 with PID 8688 (started by Jéssica in C:\Users\Jéssica\Desktop\Jsk\Projects\library-api)
2020-10-13 16:36:08.135  INFO 8688 --- [main] c.l.l.api.resource.BookControllerTest    : The following profiles are active: test
2020-10-13 16:36:31.129  INFO 8688 --- [main] o.s.s.concurrent.ThreadPoolTaskExecutor  : Initializing ExecutorService 'applicationTaskExecutor'
2020-10-13 16:36:36.242  INFO 8688 --- [main] o.s.b.t.m.w.SpringBootMockServletContext : Initializing Spring TestDispatcherServlet ''
2020-10-13 16:36:36.242  INFO 8688 --- [main] o.s.t.web.servlet.TestDispatcherServlet  : Initializing Servlet ''
2020-10-13 16:36:36.335  INFO 8688 --- [main] o.s.t.web.servlet.TestDispatcherServlet  : Completed initialization in 62 ms
2020-10-13 16:36:37.203  INFO 8688 --- [main] c.l.l.api.resource.BookControllerTest    : Started BookControllerTest in 33.051 seconds (JVM running for 47.298)
2020-10-13 16:36:40.244  INFO 8688 --- [main] c.l.l.api.resource.BookController        :  Updating a book by id: 1 
2020-10-13 16:36:42.186  INFO 8688 --- [main] c.l.l.api.resource.BookController        :  Updating a book by id: 1 
2020-10-13 16:36:43.401  INFO 8688 --- [main] c.l.l.api.resource.BookController        :  creating a book for isbn: 001 
2020-10-13 16:36:43.439  INFO 8688 --- [main] c.l.l.api.resource.BookController        :  Obtaining datails for book id: 1 
2020-10-13 16:36:43.508  INFO 8688 --- [main] c.l.l.api.resource.BookController        :  creating a book for isbn: 001 
2020-10-13 16:36:43.599  INFO 8688 --- [main] c.l.l.api.resource.BookController        :  Deleting a book by id: 1 
2020-10-13 16:36:43.631  INFO 8688 --- [main] c.l.l.api.resource.BookController        :  Deleting a book by id: 1 
2020-10-13 16:36:43.668  INFO 8688 --- [main] c.l.l.api.resource.BookController        :  Obtaining datails for book id: 1 
2020-10-13 16:36:44.207  INFO 8688 --- [SpringContextShutdownHook] o.s.s.concurrent.ThreadPoolTaskExecutor  : Shutting down ExecutorService 'applicationTaskExecutor'
2020-10-13 16:45:44.372  INFO 11608 --- [main] c.l.l.api.resource.BookControllerTest    : Starting BookControllerTest on LAPTOP-9FP3VAQ9 with PID 11608 (started by Jéssica in C:\Users\Jéssica\Desktop\Jsk\Projects\library-api)
2020-10-13 16:45:44.372  INFO 11608 --- [main] c.l.l.api.resource.BookControllerTest    : The following profiles are active: test
2020-10-13 16:45:51.273  INFO 11608 --- [main] o.s.s.concurrent.ThreadPoolTaskExecutor  : Initializing ExecutorService 'applicationTaskExecutor'
2020-10-13 16:45:52.695  INFO 11608 --- [main] o.s.b.t.m.w.SpringBootMockServletContext : Initializing Spring TestDispatcherServlet ''
2020-10-13 16:45:52.695  INFO 11608 --- [main] o.s.t.web.servlet.TestDispatcherServlet  : Initializing Servlet ''
2020-10-13 16:45:52.726  INFO 11608 --- [main] o.s.t.web.servlet.TestDispatcherServlet  : Completed initialization in 31 ms
2020-10-13 16:45:52.836  INFO 11608 --- [main] c.l.l.api.resource.BookControllerTest    : Started BookControllerTest in 10.67 seconds (JVM running for 16.427)
2020-10-13 16:45:54.080  INFO 11608 --- [main] c.l.l.api.resource.BookController        :  Updating a book by id: 1 
2020-10-13 16:45:54.622  INFO 11608 --- [main] c.l.l.api.resource.BookController        :  Updating a book by id: 1 
2020-10-13 16:45:54.669  INFO 11608 --- [main] c.l.l.api.resource.BookController        :  creating a book for isbn: 001 
2020-10-13 16:45:54.700  INFO 11608 --- [main] c.l.l.api.resource.BookController        :  Obtaining datails for book id: 1 
2020-10-13 16:45:54.731  INFO 11608 --- [main] c.l.l.api.resource.BookController        :  creating a book for isbn: 001 
2020-10-13 16:45:54.763  INFO 11608 --- [main] c.l.l.api.resource.BookController        :  Deleting a book by id: 1 
2020-10-13 16:45:54.794  INFO 11608 --- [main] c.l.l.api.resource.BookController        :  Deleting a book by id: 1 
2020-10-13 16:45:54.825  INFO 11608 --- [main] c.l.l.api.resource.BookController        :  Obtaining datails for book id: 1 
2020-10-13 16:45:55.028  INFO 11608 --- [SpringContextShutdownHook] o.s.s.concurrent.ThreadPoolTaskExecutor  : Shutting down ExecutorService 'applicationTaskExecutor'
